<?xml version="1.0" encoding="UTF-8"?>
<!-- Generated by org.testng.reporters.JUnitReportReporter -->
<testsuite hostname="Parmeshwar-QA" name="com.Airpay.Tests.TC_PP_10" tests="2" failures="0" timestamp="8 Aug 2018 11:44:47 GMT" time="4.992" errors="0">
  <testcase name="TC_TestCaseName" time="4.992" classname="com.Airpay.Tests.TC_PP_10"/>
  <testcase name="setup" time="0.000" classname="com.Airpay.Tests.TC_PP_10"/>
</testsuite> <!-- com.Airpay.Tests.TC_PP_10 -->
