<?xml version="1.0" encoding="UTF-8"?>
<!-- Generated by org.testng.reporters.JUnitReportReporter -->
<testsuite hostname="Parmeshwar-QA" name="com.Airpay.Tests.TC_PP_EMI_Card_logo_Appearance" tests="2" failures="0" timestamp="6 Aug 2018 12:28:04 GMT" time="104.847" errors="0">
  <testcase name="setup" time="0.001" classname="com.Airpay.Tests.TC_PP_EMI_Card_logo_Appearance"/>
  <testcase name="TC_TestCaseName" time="104.846" classname="com.Airpay.Tests.TC_PP_EMI_Card_logo_Appearance"/>
</testsuite> <!-- com.Airpay.Tests.TC_PP_EMI_Card_logo_Appearance -->
