<?xml version="1.0" encoding="UTF-8"?>
<!-- Generated by org.testng.reporters.JUnitReportReporter -->
<testsuite hostname="Parmeshwar-QA" name="com.Airpay.Tests.TC_PP_14_Credit_Card" tests="2" failures="0" timestamp="7 Aug 2018 12:17:08 GMT" time="16.096" errors="0">
  <testcase name="setup" time="0.000" classname="com.Airpay.Tests.TC_PP_14_Credit_Card"/>
  <testcase name="TC_TestCaseName" time="16.096" classname="com.Airpay.Tests.TC_PP_14_Credit_Card"/>
</testsuite> <!-- com.Airpay.Tests.TC_PP_14_Credit_Card -->
