<?xml version="1.0" encoding="UTF-8"?>
<!-- Generated by org.testng.reporters.JUnitReportReporter -->
<testsuite hostname="Parmeshwar-QA" name="com.Airpay.Tests.TC_PP_07" tests="2" failures="0" timestamp="8 Aug 2018 11:42:57 GMT" time="9.476" errors="0">
  <testcase name="setup" time="0.000" classname="com.Airpay.Tests.TC_PP_07"/>
  <testcase name="TC_TestCaseName" time="9.476" classname="com.Airpay.Tests.TC_PP_07"/>
</testsuite> <!-- com.Airpay.Tests.TC_PP_07 -->
