<?xml version="1.0" encoding="UTF-8"?>
<!-- Generated by org.testng.reporters.JUnitReportReporter -->
<testsuite hostname="Parmeshwar-QA" name="com.Airpay.Tests.TC_PP_09_Credit_Card" tests="2" failures="0" timestamp="8 Aug 2018 11:43:38 GMT" time="13.082" errors="0">
  <testcase name="TC_TestCaseName" time="13.082" classname="com.Airpay.Tests.TC_PP_09_Credit_Card"/>
  <testcase name="setup" time="0.000" classname="com.Airpay.Tests.TC_PP_09_Credit_Card"/>
</testsuite> <!-- com.Airpay.Tests.TC_PP_09_Credit_Card -->
