<?xml version="1.0" encoding="UTF-8"?>
<!-- Generated by org.testng.reporters.JUnitReportReporter -->
<testsuite hostname="DESKTOP-89S47KR" name="com.Airpay.Tests.TC_PP_NetBanking_Bank_page_validations" tests="2" failures="0" timestamp="2 Aug 2018 07:13:34 GMT" time="35.309" errors="0">
  <testcase name="TC_TestCaseName" time="35.307" classname="com.Airpay.Tests.TC_PP_NetBanking_Bank_page_validations"/>
  <testcase name="setup" time="0.002" classname="com.Airpay.Tests.TC_PP_NetBanking_Bank_page_validations"/>
</testsuite> <!-- com.Airpay.Tests.TC_PP_NetBanking_Bank_page_validations -->
