<?xml version="1.0" encoding="UTF-8"?>
<!-- Generated by org.testng.reporters.JUnitReportReporter -->
<testsuite hostname="Parmeshwar-QA" name="com.Airpay.Tests.TC_PP_09_Debit_Card" tests="2" failures="0" timestamp="8 Aug 2018 11:44:31 GMT" time="12.843" errors="0">
  <testcase name="setup" time="0.001" classname="com.Airpay.Tests.TC_PP_09_Debit_Card"/>
  <testcase name="TC_TestCaseName" time="12.842" classname="com.Airpay.Tests.TC_PP_09_Debit_Card"/>
</testsuite> <!-- com.Airpay.Tests.TC_PP_09_Debit_Card -->
