<?xml version="1.0" encoding="UTF-8"?>
<!-- Generated by org.testng.reporters.JUnitReportReporter -->
<testsuite hostname="Parmeshwar-QA" name="com.Airpay.Tests.TC_PP_Cash_MakePayment" tests="2" failures="0" timestamp="3 Aug 2018 06:10:19 GMT" time="30.227" errors="0">
  <testcase name="setup" time="0.000" classname="com.Airpay.Tests.TC_PP_Cash_MakePayment"/>
  <testcase name="TC_TestCaseName" time="30.227" classname="com.Airpay.Tests.TC_PP_Cash_MakePayment"/>
</testsuite> <!-- com.Airpay.Tests.TC_PP_Cash_MakePayment -->
