<?xml version="1.0" encoding="UTF-8"?>
<!-- Generated by org.testng.reporters.JUnitReportReporter -->
<testsuite hostname="DESKTOP-89S47KR" name="com.Airpay.Tests.TC_PP_11" tests="2" failures="0" timestamp="27 Jul 2018 04:52:56 GMT" time="20.565" errors="0">
  <testcase name="TC_TestCaseName" time="20.564" classname="com.Airpay.Tests.TC_PP_11"/>
  <testcase name="setup" time="0.001" classname="com.Airpay.Tests.TC_PP_11"/>
</testsuite> <!-- com.Airpay.Tests.TC_PP_11 -->
