<?xml version="1.0" encoding="UTF-8"?>
<!-- Generated by org.testng.reporters.JUnitReportReporter -->
<testsuite hostname="Parmeshwar-QA" name="com.Airpay.Tests.TC_PP_06" tests="2" failures="0" timestamp="9 Aug 2018 04:59:21 GMT" time="4.784" errors="0">
  <testcase name="setup" time="0.000" classname="com.Airpay.Tests.TC_PP_06"/>
  <testcase name="TC_TestCaseName" time="4.784" classname="com.Airpay.Tests.TC_PP_06"/>
</testsuite> <!-- com.Airpay.Tests.TC_PP_06 -->
