<?xml version="1.0" encoding="UTF-8"?>
<!-- Generated by org.testng.reporters.JUnitReportReporter -->
<testsuite hostname="Parmeshwar-QA" name="com.Airpay.Tests.TC_PP_RTGS_And_NEFT_SuccessTransaction" tests="2" failures="0" timestamp="6 Aug 2018 05:52:15 GMT" time="24.987" errors="0">
  <testcase name="TC_TestCaseName" time="24.980" classname="com.Airpay.Tests.TC_PP_RTGS_And_NEFT_SuccessTransaction"/>
  <testcase name="setup" time="0.007" classname="com.Airpay.Tests.TC_PP_RTGS_And_NEFT_SuccessTransaction"/>
</testsuite> <!-- com.Airpay.Tests.TC_PP_RTGS_And_NEFT_SuccessTransaction -->
