<?xml version="1.0" encoding="UTF-8"?>
<!-- Generated by org.testng.reporters.JUnitReportReporter -->
<testsuite hostname="DESKTOP-89S47KR" name="com.Airpay.Tests.TC_PP_15_Credit_Card" tests="2" failures="0" timestamp="1 Aug 2018 13:03:12 GMT" time="99.691" errors="0">
  <testcase name="TC_TestCaseName" time="99.691" classname="com.Airpay.Tests.TC_PP_15_Credit_Card"/>
  <testcase name="setup" time="0.000" classname="com.Airpay.Tests.TC_PP_15_Credit_Card"/>
</testsuite> <!-- com.Airpay.Tests.TC_PP_15_Credit_Card -->
