<?xml version="1.0" encoding="UTF-8"?>
<!-- Generated by org.testng.reporters.JUnitReportReporter -->
<testsuite hostname="DESKTOP-89S47KR" name="com.Airpay.Tests.TC_PP_14_EMI" tests="2" failures="0" timestamp="1 Aug 2018 13:01:20 GMT" time="32.537" errors="0">
  <testcase name="TC_TestCaseName" time="32.537" classname="com.Airpay.Tests.TC_PP_14_EMI"/>
  <testcase name="setup" time="0.000" classname="com.Airpay.Tests.TC_PP_14_EMI"/>
</testsuite> <!-- com.Airpay.Tests.TC_PP_14_EMI -->
