<?xml version="1.0" encoding="UTF-8"?>
<!-- Generated by org.testng.reporters.JUnitReportReporter -->
<testsuite hostname="Parmeshwar-QA" name="com.Airpay.Tests.TC_PP_01" tests="2" failures="0" timestamp="9 Aug 2018 04:58:45 GMT" time="3.680" errors="0">
  <testcase name="TC_TestCaseName" time="3.680" classname="com.Airpay.Tests.TC_PP_01"/>
  <testcase name="setup" time="0.000" classname="com.Airpay.Tests.TC_PP_01"/>
</testsuite> <!-- com.Airpay.Tests.TC_PP_01 -->
