<?xml version="1.0" encoding="UTF-8"?>
<!-- Generated by org.testng.reporters.JUnitReportReporter -->
<testsuite hostname="Parmeshwar-QA" name="com.Airpay.Tests.TC_PP_12" tests="2" failures="0" timestamp="8 Aug 2018 11:46:17 GMT" time="20.556" errors="0">
  <testcase name="setup" time="0.000" classname="com.Airpay.Tests.TC_PP_12"/>
  <testcase name="TC_TestCaseName" time="20.556" classname="com.Airpay.Tests.TC_PP_12"/>
</testsuite> <!-- com.Airpay.Tests.TC_PP_12 -->
